<?xml version="1.0" encoding="UTF-8"?>
<coverage generated="1658410857502" clover="3.2.0">
  <project timestamp="1658410857502" name="All files">
    <metrics statements="60" coveredstatements="39" conditionals="4" coveredconditionals="1" methods="15" coveredmethods="6" elements="79" coveredelements="46" complexity="0" loc="60" ncloc="60" packages="1" files="7" classes="7"/>
    <file name="changeDesc.js" path="/home/milu/Desktop/todoListReview/src/modules/changeDesc.js">
      <metrics statements="9" coveredstatements="1" conditionals="0" coveredconditionals="0" methods="2" coveredmethods="0"/>
      <line num="4" count="2" type="stmt"/>
      <line num="5" count="0" type="stmt"/>
      <line num="6" count="0" type="stmt"/>
      <line num="7" count="0" type="stmt"/>
      <line num="8" count="0" type="stmt"/>
      <line num="9" count="0" type="stmt"/>
      <line num="10" count="0" type="stmt"/>
      <line num="11" count="0" type="stmt"/>
      <line num="12" count="0" type="stmt"/>
    </file>
    <file name="checkTask.js" path="/home/milu/Desktop/todoListReview/src/modules/checkTask.js">
      <metrics statements="9" coveredstatements="1" conditionals="2" coveredconditionals="0" methods="1" coveredmethods="0"/>
      <line num="4" count="2" type="stmt"/>
      <line num="5" count="0" type="stmt"/>
      <line num="6" count="0" type="stmt"/>
      <line num="7" count="0" type="stmt"/>
      <line num="8" count="0" type="stmt"/>
      <line num="9" count="0" type="cond" truecount="0" falsecount="2"/>
      <line num="10" count="0" type="stmt"/>
      <line num="12" count="0" type="stmt"/>
      <line num="14" count="0" type="stmt"/>
    </file>
    <file name="clearAll.js" path="/home/milu/Desktop/todoListReview/src/modules/clearAll.js">
      <metrics statements="4" coveredstatements="4" conditionals="0" coveredconditionals="0" methods="3" coveredmethods="3"/>
      <line num="3" count="1" type="stmt"/>
      <line num="4" count="1" type="stmt"/>
      <line num="5" count="3" type="stmt"/>
      <line num="6" count="2" type="stmt"/>
    </file>
    <file name="local-storage.js" path="/home/milu/Desktop/todoListReview/src/modules/local-storage.js">
      <metrics statements="3" coveredstatements="3" conditionals="0" coveredconditionals="0" methods="2" coveredmethods="1"/>
      <line num="1" count="2" type="stmt"/>
      <line num="3" count="2" type="stmt"/>
      <line num="4" count="3" type="stmt"/>
    </file>
    <file name="removeTask.js" path="/home/milu/Desktop/todoListReview/src/modules/removeTask.js">
      <metrics statements="9" coveredstatements="8" conditionals="2" coveredconditionals="1" methods="1" coveredmethods="1"/>
      <line num="4" count="2" type="stmt"/>
      <line num="5" count="3" type="stmt"/>
      <line num="6" count="3" type="stmt"/>
      <line num="7" count="3" type="cond" truecount="1" falsecount="1"/>
      <line num="8" count="3" type="stmt"/>
      <line num="10" count="3" type="stmt"/>
      <line num="11" count="3" type="stmt"/>
      <line num="12" count="0" type="stmt"/>
      <line num="15" count="3" type="stmt"/>
    </file>
    <file name="taskarr.js" path="/home/milu/Desktop/todoListReview/src/modules/taskarr.js">
      <metrics statements="1" coveredstatements="1" conditionals="0" coveredconditionals="0" methods="0" coveredmethods="0"/>
      <line num="1" count="2" type="stmt"/>
    </file>
    <file name="userInterface.js" path="/home/milu/Desktop/todoListReview/src/modules/userInterface.js">
      <metrics statements="25" coveredstatements="21" conditionals="0" coveredconditionals="0" methods="6" coveredmethods="1"/>
      <line num="6" count="2" type="stmt"/>
      <line num="7" count="8" type="stmt"/>
      <line num="8" count="8" type="stmt"/>
      <line num="10" count="8" type="stmt"/>
      <line num="11" count="8" type="stmt"/>
      <line num="12" count="8" type="stmt"/>
      <line num="13" count="8" type="stmt"/>
      <line num="15" count="8" type="stmt"/>
      <line num="16" count="8" type="stmt"/>
      <line num="17" count="8" type="stmt"/>
      <line num="18" count="8" type="stmt"/>
      <line num="20" count="8" type="stmt"/>
      <line num="21" count="8" type="stmt"/>
      <line num="22" count="8" type="stmt"/>
      <line num="24" count="8" type="stmt"/>
      <line num="25" count="8" type="stmt"/>
      <line num="26" count="8" type="stmt"/>
      <line num="28" count="8" type="stmt"/>
      <line num="29" count="0" type="stmt"/>
      <line num="32" count="8" type="stmt"/>
      <line num="33" count="0" type="stmt"/>
      <line num="36" count="8" type="stmt"/>
      <line num="37" count="0" type="stmt"/>
      <line num="40" count="8" type="stmt"/>
      <line num="44" count="0" type="stmt"/>
    </file>
  </project>
</coverage>
