{"C:\\Users\\diego\\repos\\Microverse-Module-2\\todoListReview\\src\\modules\\changeDesc.js": {"path":"C:\\Users\\diego\\repos\\Microverse-Module-2\\todoListReview\\src\\modules\\changeDesc.js","statementMap":{"0":{"start":{"line":4,"column":19},"end":{"line":14,"column":1}},"1":{"start":{"line":5,"column":2},"end":{"line":5,"column":36}},"2":{"start":{"line":6,"column":2},"end":{"line":6,"column":35}},"3":{"start":{"line":7,"column":2},"end":{"line":13,"column":5}},"4":{"start":{"line":8,"column":4},"end":{"line":8,"column":33}},"5":{"start":{"line":9,"column":4},"end":{"line":9,"column":37}},"6":{"start":{"line":10,"column":4},"end":{"line":10,"column":38}},"7":{"start":{"line":11,"column":4},"end":{"line":11,"column":52}},"8":{"start":{"line":12,"column":4},"end":{"line":12,"column":27}}},"fnMap":{"0":{"name":"(anonymous_0)","decl":{"start":{"line":4,"column":19},"end":{"line":4,"column":20}},"loc":{"start":{"line":4,"column":42},"end":{"line":14,"column":1}},"line":4},"1":{"name":"(anonymous_1)","decl":{"start":{"line":7,"column":37},"end":{"line":7,"column":38}},"loc":{"start":{"line":7,"column":44},"end":{"line":13,"column":3}},"line":7}},"branchMap":{},"s":{"0":2,"1":0,"2":0,"3":0,"4":0,"5":0,"6":0,"7":0,"8":0},"f":{"0":0,"1":0},"b":{},"_coverageSchema":"1a1c01bbd47fc00a2c39e90264f33305004495a9","hash":"ad4bf1b09e2dab00eafde28c8d0359f19228a440"}
,"C:\\Users\\diego\\repos\\Microverse-Module-2\\todoListReview\\src\\modules\\checkTask.js": {"path":"C:\\Users\\diego\\repos\\Microverse-Module-2\\todoListReview\\src\\modules\\checkTask.js","statementMap":{"0":{"start":{"line":4,"column":18},"end":{"line":15,"column":1}},"1":{"start":{"line":5,"column":2},"end":{"line":5,"column":32}},"2":{"start":{"line":6,"column":2},"end":{"line":6,"column":37}},"3":{"start":{"line":7,"column":2},"end":{"line":7,"column":37}},"4":{"start":{"line":8,"column":2},"end":{"line":8,"column":34}},"5":{"start":{"line":9,"column":2},"end":{"line":13,"column":3}},"6":{"start":{"line":10,"column":4},"end":{"line":10,"column":24}},"7":{"start":{"line":12,"column":4},"end":{"line":12,"column":25}},"8":{"start":{"line":14,"column":2},"end":{"line":14,"column":25}}},"fnMap":{"0":{"name":"(anonymous_0)","decl":{"start":{"line":4,"column":18},"end":{"line":4,"column":19}},"loc":{"start":{"line":4,"column":59},"end":{"line":15,"column":1}},"line":4}},"branchMap":{"0":{"loc":{"start":{"line":9,"column":2},"end":{"line":13,"column":3}},"type":"if","locations":[{"start":{"line":9,"column":2},"end":{"line":13,"column":3}},{"start":{"line":11,"column":9},"end":{"line":13,"column":3}}],"line":9}},"s":{"0":2,"1":0,"2":0,"3":0,"4":0,"5":0,"6":0,"7":0,"8":0},"f":{"0":0},"b":{"0":[0,0]},"_coverageSchema":"1a1c01bbd47fc00a2c39e90264f33305004495a9","hash":"a5748ef0a2b2b3601eb6c75d0fb8d3fd67bcb72f"}
,"C:\\Users\\diego\\repos\\Microverse-Module-2\\todoListReview\\src\\modules\\clearAll.js": {"path":"C:\\Users\\diego\\repos\\Microverse-Module-2\\todoListReview\\src\\modules\\clearAll.js","statementMap":{"0":{"start":{"line":3,"column":18},"end":{"line":7,"column":1}},"1":{"start":{"line":4,"column":17},"end":{"line":4,"column":20}},"2":{"start":{"line":5,"column":20},"end":{"line":5,"column":68}},"3":{"start":{"line":5,"column":44},"end":{"line":5,"column":67}},"4":{"start":{"line":6,"column":2},"end":{"line":6,"column":48}},"5":{"start":{"line":6,"column":30},"end":{"line":6,"column":46}}},"fnMap":{"0":{"name":"(anonymous_0)","decl":{"start":{"line":3,"column":18},"end":{"line":3,"column":19}},"loc":{"start":{"line":3,"column":27},"end":{"line":7,"column":1}},"line":3},"1":{"name":"(anonymous_1)","decl":{"start":{"line":5,"column":34},"end":{"line":5,"column":35}},"loc":{"start":{"line":5,"column":44},"end":{"line":5,"column":67}},"line":5},"2":{"name":"(anonymous_2)","decl":{"start":{"line":6,"column":20},"end":{"line":6,"column":21}},"loc":{"start":{"line":6,"column":30},"end":{"line":6,"column":46}},"line":6}},"branchMap":{},"s":{"0":1,"1":1,"2":1,"3":3,"4":1,"5":2},"f":{"0":1,"1":3,"2":2},"b":{},"_coverageSchema":"1a1c01bbd47fc00a2c39e90264f33305004495a9","hash":"274fca6efff07910bcdee31232f76722c895edc7"}
,"C:\\Users\\diego\\repos\\Microverse-Module-2\\todoListReview\\src\\modules\\local-storage.js": {"path":"C:\\Users\\diego\\repos\\Microverse-Module-2\\todoListReview\\src\\modules\\local-storage.js","statementMap":{"0":{"start":{"line":1,"column":17},"end":{"line":1,"column":84}},"1":{"start":{"line":1,"column":28},"end":{"line":1,"column":84}},"2":{"start":{"line":3,"column":16},"end":{"line":5,"column":1}},"3":{"start":{"line":4,"column":2},"end":{"line":4,"column":55}}},"fnMap":{"0":{"name":"(anonymous_0)","decl":{"start":{"line":1,"column":17},"end":{"line":1,"column":18}},"loc":{"start":{"line":1,"column":28},"end":{"line":1,"column":84}},"line":1},"1":{"name":"(anonymous_1)","decl":{"start":{"line":3,"column":16},"end":{"line":3,"column":17}},"loc":{"start":{"line":3,"column":27},"end":{"line":5,"column":1}},"line":3}},"branchMap":{},"s":{"0":2,"1":0,"2":2,"3":3},"f":{"0":0,"1":3},"b":{},"_coverageSchema":"1a1c01bbd47fc00a2c39e90264f33305004495a9","hash":"b73a35c6d919f643771db1bc704f537f41a99ef2"}
,"C:\\Users\\diego\\repos\\Microverse-Module-2\\todoListReview\\src\\modules\\removeTask.js": {"path":"C:\\Users\\diego\\repos\\Microverse-Module-2\\todoListReview\\src\\modules\\removeTask.js","statementMap":{"0":{"start":{"line":4,"column":19},"end":{"line":16,"column":1}},"1":{"start":{"line":5,"column":20},"end":{"line":5,"column":62}},"2":{"start":{"line":6,"column":19},"end":{"line":6,"column":40}},"3":{"start":{"line":7,"column":2},"end":{"line":14,"column":3}},"4":{"start":{"line":8,"column":4},"end":{"line":8,"column":51}},"5":{"start":{"line":10,"column":4},"end":{"line":10,"column":37}},"6":{"start":{"line":11,"column":4},"end":{"line":13,"column":5}},"7":{"start":{"line":11,"column":17},"end":{"line":11,"column":18}},"8":{"start":{"line":12,"column":6},"end":{"line":12,"column":31}},"9":{"start":{"line":15,"column":2},"end":{"line":15,"column":25}}},"fnMap":{"0":{"name":"(anonymous_0)","decl":{"start":{"line":4,"column":19},"end":{"line":4,"column":20}},"loc":{"start":{"line":4,"column":28},"end":{"line":16,"column":1}},"line":4}},"branchMap":{"0":{"loc":{"start":{"line":7,"column":2},"end":{"line":14,"column":3}},"type":"if","locations":[{"start":{"line":7,"column":2},"end":{"line":14,"column":3}},{"start":{},"end":{}}],"line":7}},"s":{"0":2,"1":3,"2":3,"3":3,"4":3,"5":3,"6":3,"7":3,"8":0,"9":3},"f":{"0":3},"b":{"0":[3,0]},"_coverageSchema":"1a1c01bbd47fc00a2c39e90264f33305004495a9","hash":"a4d69b166b3577e84eb8f3fc0781c8f2e02183d4"}
,"C:\\Users\\diego\\repos\\Microverse-Module-2\\todoListReview\\src\\modules\\taskarr.js": {"path":"C:\\Users\\diego\\repos\\Microverse-Module-2\\todoListReview\\src\\modules\\taskarr.js","statementMap":{"0":{"start":{"line":1,"column":16},"end":{"line":1,"column":18}}},"fnMap":{},"branchMap":{},"s":{"0":2},"f":{},"b":{},"_coverageSchema":"1a1c01bbd47fc00a2c39e90264f33305004495a9","hash":"cd781a7f9e3b28dac569122579e457f0533769f3"}
,"C:\\Users\\diego\\repos\\Microverse-Module-2\\todoListReview\\src\\modules\\userInterface.js": {"path":"C:\\Users\\diego\\repos\\Microverse-Module-2\\todoListReview\\src\\modules\\userInterface.js","statementMap":{"0":{"start":{"line":6,"column":22},"end":{"line":41,"column":3}},"1":{"start":{"line":7,"column":17},"end":{"line":7,"column":45}},"2":{"start":{"line":8,"column":4},"end":{"line":8,"column":31}},"3":{"start":{"line":10,"column":21},"end":{"line":10,"column":52}},"4":{"start":{"line":11,"column":4},"end":{"line":11,"column":46}},"5":{"start":{"line":12,"column":4},"end":{"line":12,"column":37}},"6":{"start":{"line":13,"column":4},"end":{"line":13,"column":31}},"7":{"start":{"line":15,"column":21},"end":{"line":15,"column":52}},"8":{"start":{"line":16,"column":4},"end":{"line":16,"column":37}},"9":{"start":{"line":17,"column":4},"end":{"line":17,"column":41}},"10":{"start":{"line":18,"column":4},"end":{"line":18,"column":31}},"11":{"start":{"line":20,"column":17},"end":{"line":20,"column":44}},"12":{"start":{"line":21,"column":4},"end":{"line":21,"column":67}},"13":{"start":{"line":22,"column":4},"end":{"line":22,"column":27}},"14":{"start":{"line":24,"column":22},"end":{"line":24,"column":49}},"15":{"start":{"line":25,"column":4},"end":{"line":25,"column":56}},"16":{"start":{"line":26,"column":4},"end":{"line":26,"column":32}},"17":{"start":{"line":28,"column":4},"end":{"line":30,"column":7}},"18":{"start":{"line":29,"column":6},"end":{"line":29,"column":53}},"19":{"start":{"line":32,"column":4},"end":{"line":34,"column":7}},"20":{"start":{"line":33,"column":6},"end":{"line":33,"column":37}},"21":{"start":{"line":36,"column":4},"end":{"line":38,"column":7}},"22":{"start":{"line":37,"column":6},"end":{"line":37,"column":21}},"23":{"start":{"line":40,"column":4},"end":{"line":40,"column":59}},"24":{"start":{"line":44,"column":4},"end":{"line":44,"column":50}},"25":{"start":{"line":44,"column":24},"end":{"line":44,"column":48}}},"fnMap":{"0":{"name":"(anonymous_0)","decl":{"start":{"line":6,"column":22},"end":{"line":6,"column":23}},"loc":{"start":{"line":6,"column":30},"end":{"line":41,"column":3}},"line":6},"1":{"name":"(anonymous_1)","decl":{"start":{"line":28,"column":40},"end":{"line":28,"column":41}},"loc":{"start":{"line":28,"column":46},"end":{"line":30,"column":5}},"line":28},"2":{"name":"(anonymous_2)","decl":{"start":{"line":32,"column":39},"end":{"line":32,"column":40}},"loc":{"start":{"line":32,"column":45},"end":{"line":34,"column":5}},"line":32},"3":{"name":"(anonymous_3)","decl":{"start":{"line":36,"column":40},"end":{"line":36,"column":41}},"loc":{"start":{"line":36,"column":46},"end":{"line":38,"column":5}},"line":36},"4":{"name":"(anonymous_4)","decl":{"start":{"line":43,"column":2},"end":{"line":43,"column":3}},"loc":{"start":{"line":43,"column":26},"end":{"line":45,"column":3}},"line":43},"5":{"name":"(anonymous_5)","decl":{"start":{"line":44,"column":16},"end":{"line":44,"column":17}},"loc":{"start":{"line":44,"column":24},"end":{"line":44,"column":48}},"line":44}},"branchMap":{},"s":{"0":2,"1":8,"2":8,"3":8,"4":8,"5":8,"6":8,"7":8,"8":8,"9":8,"10":8,"11":8,"12":8,"13":8,"14":8,"15":8,"16":8,"17":8,"18":0,"19":8,"20":0,"21":8,"22":0,"23":8,"24":0,"25":0},"f":{"0":8,"1":0,"2":0,"3":0,"4":0,"5":0},"b":{},"_coverageSchema":"1a1c01bbd47fc00a2c39e90264f33305004495a9","hash":"83e02643424330192e86fa592427ef7e49a40a3e"}
}
